

times in msec
 clock   self+sourced   self:  sourced script
 clock   elapsed:              other lines

000.013  000.013: --- NVIM STARTING ---
000.881  000.868: locale set
001.418  000.538: inits 1
001.439  000.020: window checked
001.678  000.240: parsing arguments
001.937  000.259: expanding arguments
002.083  000.146: inits 2
002.590  000.506: init highlight
367.133  001.934  001.934: sourcing /Users/meadm1/.config/nvim/autoload/plug.vim
378.811  000.238  000.238: sourcing /Users/meadm1/.config/nvim/plugged/vim-go/ftdetect/gofiletype.vim
379.026  000.020  000.020: sourcing /Users/meadm1/.config/nvim/plugged/vim-fugitive/ftdetect/fugitive.vim
383.165  004.023  004.023: sourcing /Users/meadm1/.config/nvim/plugged/vim-polyglot/ftdetect/polyglot.vim
383.588  000.039  000.039: sourcing /Users/meadm1/.config/nvim/plugged/vim-polyglot/after/ftdetect/rspec.vim
383.656  011.565  007.245: sourcing /usr/local/Cellar/neovim/0.3.4/share/nvim/runtime/filetype.vim
384.016  000.056  000.056: sourcing /usr/local/Cellar/neovim/0.3.4/share/nvim/runtime/ftplugin.vim
384.339  000.052  000.052: sourcing /usr/local/Cellar/neovim/0.3.4/share/nvim/runtime/indent.vim
385.265  000.283  000.283: sourcing /usr/local/Cellar/neovim/0.3.4/share/nvim/runtime/syntax/syncolor.vim
385.402  000.677  000.393: sourcing /usr/local/Cellar/neovim/0.3.4/share/nvim/runtime/syntax/synload.vim
385.437  000.961  000.284: sourcing /usr/local/Cellar/neovim/0.3.4/share/nvim/runtime/syntax/syntax.vim
385.965  000.019  000.019: sourcing /usr/local/Cellar/neovim/0.3.4/share/nvim/runtime/filetype.vim
386.352  000.017  000.017: sourcing /usr/local/Cellar/neovim/0.3.4/share/nvim/runtime/filetype.vim
386.616  000.018  000.018: sourcing /usr/local/Cellar/neovim/0.3.4/share/nvim/runtime/ftplugin.vim
386.895  000.017  000.017: sourcing /usr/local/Cellar/neovim/0.3.4/share/nvim/runtime/indent.vim
406.398  000.186  000.186: sourcing /usr/local/Cellar/neovim/0.3.4/share/nvim/runtime/syntax/syncolor.vim
407.067  000.256  000.256: sourcing /usr/local/Cellar/neovim/0.3.4/share/nvim/runtime/syntax/nosyntax.vim
407.749  000.205  000.205: sourcing /usr/local/Cellar/neovim/0.3.4/share/nvim/runtime/syntax/syncolor.vim
407.898  000.597  000.392: sourcing /usr/local/Cellar/neovim/0.3.4/share/nvim/runtime/syntax/synload.vim
407.933  001.214  000.361: sourcing /usr/local/Cellar/neovim/0.3.4/share/nvim/runtime/syntax/syntax.vim
408.769  000.172  000.172: sourcing /usr/local/Cellar/neovim/0.3.4/share/nvim/runtime/syntax/syncolor.vim
409.417  000.170  000.170: sourcing /usr/local/Cellar/neovim/0.3.4/share/nvim/runtime/syntax/syncolor.vim
415.511  007.435  007.093: sourcing /Users/meadm1/.config/nvim/plugged/gruvbox/colors/gruvbox.vim
415.566  412.490  389.017: sourcing /Users/meadm1/.config/nvim/init.vim
415.575  000.495: sourcing vimrc file(s)
416.828  000.115  000.115: sourcing /Users/meadm1/.config/nvim/plugged/ale/autoload/ale/events.vim
417.192  001.033  000.917: sourcing /Users/meadm1/.config/nvim/plugged/ale/plugin/ale.vim
417.799  000.435  000.435: sourcing /Users/meadm1/.config/nvim/plugged/cheat.sh-vim/plugin/cheat.vim
418.236  000.020  000.020: sourcing /usr/local/Cellar/neovim/0.3.4/share/nvim/runtime/filetype.vim
418.522  000.016  000.016: sourcing /usr/local/Cellar/neovim/0.3.4/share/nvim/runtime/ftplugin.vim
418.671  000.700  000.664: sourcing /Users/meadm1/.config/nvim/plugged/jedi-vim/plugin/jedi.vim
419.483  000.495  000.495: sourcing /Users/meadm1/.config/nvim/plugged/vim-go/autoload/go/config.vim
420.264  000.373  000.373: sourcing /Users/meadm1/.config/nvim/plugged/vim-go/autoload/go/util.vim
420.298  001.457  000.589: sourcing /Users/meadm1/.config/nvim/plugged/vim-go/plugin/go.vim
420.712  000.229  000.229: sourcing /Users/meadm1/.config/nvim/plugged/vim-tmux-focus-events/plugin/tmux_focus_events.vim
421.760  000.748  000.748: sourcing /Users/meadm1/.config/nvim/plugged/csapprox/plugin/CSApprox.vim
422.340  000.385  000.385: sourcing /Users/meadm1/.config/nvim/plugged/vim-fugitive/plugin/fugitive.vim
423.675  001.066  001.066: sourcing /Users/meadm1/.config/nvim/plugged/fzf.vim/plugin/fzf.vim
424.421  000.462  000.462: sourcing /Users/meadm1/.config/nvim/plugged/xterm-color-table.vim/plugin/xterm-color-table.vim
425.220  000.174  000.174: sourcing /Users/meadm1/.config/nvim/plugged/vim-gitgutter/autoload/gitgutter/utility.vim
425.855  000.141  000.141: sourcing /Users/meadm1/.config/nvim/plugged/vim-gitgutter/autoload/gitgutter/highlight.vim
426.814  002.133  001.817: sourcing /Users/meadm1/.config/nvim/plugged/vim-gitgutter/plugin/gitgutter.vim
427.315  000.103  000.103: sourcing /Users/meadm1/.config/nvim/plugged/vim-mundo/autoload/mundo/util.vim
427.591  000.577  000.474: sourcing /Users/meadm1/.config/nvim/plugged/vim-mundo/plugin/mundo.vim
428.404  000.645  000.645: sourcing /Users/meadm1/.fzf/plugin/fzf.vim
428.613  000.030  000.030: sourcing /Users/meadm1/.config/nvim/plugged/goyo.vim/plugin/goyo.vim
429.540  000.097  000.097: sourcing /usr/local/Cellar/neovim/0.3.4/share/nvim/runtime/autoload/provider/pythonx.vim
871.563  442.373  442.276: sourcing /usr/local/Cellar/neovim/0.3.4/share/nvim/runtime/autoload/provider/python.vim
992.975  000.269  000.269: sourcing /usr/local/Cellar/neovim/0.3.4/share/nvim/runtime/autoload/remote/host.vim
993.097  121.205  120.936: sourcing /usr/local/Cellar/neovim/0.3.4/share/nvim/runtime/autoload/provider/python3.vim
993.487  000.039  000.039: sourcing /usr/local/Cellar/neovim/0.3.4/share/nvim/runtime/autoload/provider.vim
1187.999  759.087  195.470: sourcing /Users/meadm1/.config/nvim/plugged/vim-autotag/plugin/autotag.vim
1188.834  000.130  000.130: sourcing /Users/meadm1/.config/nvim/plugged/vim-airline/autoload/airline/init.vim
1189.470  000.096  000.096: sourcing /Users/meadm1/.config/nvim/plugged/vim-airline/autoload/airline/parts.vim
1190.681  000.128  000.128: sourcing /Users/meadm1/.config/nvim/plugged/vim-airline/autoload/airline/util.vim
1190.735  002.510  002.156: sourcing /Users/meadm1/.config/nvim/plugged/vim-airline/plugin/airline.vim
1190.944  000.025  000.025: sourcing /Users/meadm1/.config/nvim/plugged/vim-airline-themes/plugin/airline-themes.vim
1191.195  000.080  000.080: sourcing /Users/meadm1/.config/nvim/plugged/devdocs.vim/plugin/devdocs.vim
1191.504  000.134  000.134: sourcing /Users/meadm1/.config/nvim/plugged/vim-ripgrep/plugin/vim-ripgrep.vim
1192.713  000.192  000.192: sourcing /Users/meadm1/.config/nvim/plugged/vim-airline/autoload/airline.vim
1193.955  002.275  002.083: sourcing /Users/meadm1/.config/nvim/plugged/vim-devicons/plugin/webdevicons.vim
1194.225  000.065  000.065: sourcing /Users/meadm1/.config/nvim/plugged/denite.nvim/plugin/denite.vim
1195.055  000.249  000.249: sourcing /usr/local/Cellar/neovim/0.3.4/share/nvim/runtime/plugin/gzip.vim
1195.146  000.021  000.021: sourcing /usr/local/Cellar/neovim/0.3.4/share/nvim/runtime/plugin/health.vim
1195.299  000.089  000.089: sourcing /usr/local/Cellar/neovim/0.3.4/share/nvim/runtime/plugin/man.vim
1195.904  000.538  000.538: sourcing /usr/local/Cellar/neovim/0.3.4/share/nvim/runtime/plugin/matchit.vim
1196.174  000.191  000.191: sourcing /usr/local/Cellar/neovim/0.3.4/share/nvim/runtime/plugin/matchparen.vim
1196.739  000.488  000.488: sourcing /usr/local/Cellar/neovim/0.3.4/share/nvim/runtime/plugin/netrwPlugin.vim
1197.638  000.206  000.206: sourcing /usr/local/Cellar/neovim/0.3.4/share/nvim/runtime/autoload/remote/define.vim
1197.726  000.656  000.450: sourcing /Users/meadm1/.local/share/nvim/rplugin.vim
1197.735  000.900  000.244: sourcing /usr/local/Cellar/neovim/0.3.4/share/nvim/runtime/plugin/rplugin.vim
1197.999  000.180  000.180: sourcing /usr/local/Cellar/neovim/0.3.4/share/nvim/runtime/plugin/shada.vim
1198.134  000.035  000.035: sourcing /usr/local/Cellar/neovim/0.3.4/share/nvim/runtime/plugin/spellfile.vim
1198.428  000.221  000.221: sourcing /usr/local/Cellar/neovim/0.3.4/share/nvim/runtime/plugin/tarPlugin.vim
1198.624  000.114  000.114: sourcing /usr/local/Cellar/neovim/0.3.4/share/nvim/runtime/plugin/tohtml.vim
1198.730  000.031  000.031: sourcing /usr/local/Cellar/neovim/0.3.4/share/nvim/runtime/plugin/tutor.vim
1199.017  000.217  000.217: sourcing /usr/local/Cellar/neovim/0.3.4/share/nvim/runtime/plugin/zipPlugin.vim
1199.280  000.028  000.028: sourcing /usr/local/opt/fzf/plugin/fzf.vim
1199.287  006.336: loading plugins
1199.796  000.218  000.218: sourcing /Users/meadm1/.config/nvim/pack/tpope/start/sleuth/plugin/sleuth.vim
1200.016  000.512: loading packages
1217.029  000.039  000.039: sourcing /usr/local/Cellar/neovim/0.3.4/share/nvim/runtime/syntax/syncolor.vim
1217.721  017.465  017.426: sourcing /Users/meadm1/.config/nvim/plugged/csapprox/after/plugin/CSApprox.vim
1217.759  000.278: loading after plugins
1217.768  000.009: inits 3
1221.618  003.850: reading ShaDa
1224.039  002.421: clearing screen
1226.092  000.212  000.212: sourcing /Users/meadm1/.config/nvim/plugged/ale/autoload/ale.vim
1226.791  000.331  000.331: sourcing /Users/meadm1/.config/nvim/plugged/vim-airline/autoload/airline/extensions.vim
1227.155  000.070  000.070: sourcing /Users/meadm1/.config/nvim/plugged/vim-airline/autoload/airline/extensions/quickfix.vim
1227.483  000.060  000.060: sourcing /Users/meadm1/.config/nvim/plugged/vim-airline/autoload/airline/extensions/denite.vim
1227.810  000.104  000.104: sourcing /Users/meadm1/.config/nvim/plugged/denite.nvim/autoload/denite/custom.vim
1228.365  000.223  000.223: sourcing /Users/meadm1/.config/nvim/plugged/denite.nvim/autoload/denite/util.vim
1228.714  000.047  000.047: sourcing /Users/meadm1/.config/nvim/plugged/vim-airline/autoload/airline/extensions/netrw.vim
1228.994  000.046  000.046: sourcing /Users/meadm1/.config/nvim/plugged/vim-airline/autoload/airline/extensions/term.vim
1229.573  000.247  000.247: sourcing /Users/meadm1/.config/nvim/plugged/vim-airline/autoload/airline/extensions/hunks.vim
1230.283  000.408  000.408: sourcing /Users/meadm1/.config/nvim/plugged/vim-airline/autoload/airline/extensions/branch.vim
1230.673  000.099  000.099: sourcing /Users/meadm1/.config/nvim/plugged/vim-airline/autoload/airline/extensions/fugitiveline.vim
1231.168  000.218  000.218: sourcing /Users/meadm1/.config/nvim/plugged/vim-airline/autoload/airline/extensions/ale.vim
1231.946  000.249  000.249: sourcing /Users/meadm1/.config/nvim/plugged/vim-airline/autoload/airline/extensions/whitespace.vim
1232.545  000.178  000.178: sourcing /Users/meadm1/.config/nvim/plugged/vim-airline/autoload/airline/extensions/po.vim
1233.072  000.225  000.225: sourcing /Users/meadm1/.config/nvim/plugged/vim-airline/autoload/airline/extensions/wordcount.vim
1233.450  000.065  000.065: sourcing /Users/meadm1/.config/nvim/plugged/vim-airline/autoload/airline/extensions/keymap.vim
1235.141  000.092  000.092: sourcing /Users/meadm1/.config/nvim/plugged/vim-mundo/autoload/airline/extensions/mundo.vim
1237.730  000.196  000.196: sourcing /Users/meadm1/.config/nvim/plugged/vim-airline/autoload/airline/section.vim
1238.597  000.487  000.487: sourcing /Users/meadm1/.config/nvim/plugged/vim-airline/autoload/airline/highlighter.vim
1242.278  000.139  000.139: sourcing /Users/meadm1/.config/nvim/plugged/vim-airline/autoload/airline/themes.vim
1242.466  000.616  000.477: sourcing /Users/meadm1/.config/nvim/plugged/vim-airline-themes/autoload/airline/themes/distinguished.vim
1245.496  000.256  000.256: sourcing /Users/meadm1/.config/nvim/plugged/vim-airline-themes/autoload/airline/themes/distinguished.vim
1260.520  000.400  000.400: sourcing /Users/meadm1/.config/nvim/plugged/vim-airline/autoload/airline/builder.vim
1261.243  000.161  000.161: sourcing /Users/meadm1/.config/nvim/plugged/vim-airline/autoload/airline/extensions/default.vim
1284.559  055.531: opening buffers
1285.130  000.307  000.307: sourcing /Users/meadm1/.config/nvim/plugged/vim-gitgutter/autoload/gitgutter.vim
1285.332  000.466: BufEnter autocommands
1285.340  000.008: editing files in windows
1290.594  004.833  004.833: sourcing /Users/meadm1/.config/nvim/plugged/vim-fugitive/autoload/fugitive.vim
1291.740  001.568: VimEnter autocommands
1322.257  030.201  030.201: sourcing /usr/local/Cellar/neovim/0.3.4/share/nvim/runtime/autoload/provider/clipboard.vim
1322.282  000.341: before starting main loop
1326.129  000.660  000.660: sourcing /Users/meadm1/.config/nvim/plugged/ale/autoload/ale/engine.vim
1326.450  000.114  000.114: sourcing /Users/meadm1/.config/nvim/plugged/ale/autoload/ale/statusline.vim
1328.137  000.278  000.278: sourcing /Users/meadm1/.config/nvim/plugged/vim-gitgutter/autoload/gitgutter/hunk.vim
1329.458  006.124: first screen update
1329.461  000.003: --- NVIM STARTED ---
