

times in msec
 clock   self+sourced   self:  sourced script
 clock   elapsed:              other lines

000.020  000.020: --- NVIM STARTING ---
000.776  000.757: locale set
001.252  000.476: inits 1
001.272  000.020: window checked
001.534  000.262: parsing arguments
001.888  000.355: expanding arguments
001.972  000.083: inits 2
002.413  000.441: init highlight
346.347  001.894  001.894: sourcing /Users/meadm1/.config/nvim/autoload/plug.vim
357.099  000.321  000.321: sourcing /Users/meadm1/.config/nvim/plugged/vim-go/ftdetect/gofiletype.vim
357.495  007.813  007.492: sourcing /usr/local/Cellar/neovim/0.3.4/share/nvim/runtime/filetype.vim
357.881  000.055  000.055: sourcing /usr/local/Cellar/neovim/0.3.4/share/nvim/runtime/ftplugin.vim
358.251  000.045  000.045: sourcing /usr/local/Cellar/neovim/0.3.4/share/nvim/runtime/indent.vim
359.352  000.313  000.313: sourcing /usr/local/Cellar/neovim/0.3.4/share/nvim/runtime/syntax/syncolor.vim
359.512  000.714  000.401: sourcing /usr/local/Cellar/neovim/0.3.4/share/nvim/runtime/syntax/synload.vim
359.548  001.137  000.422: sourcing /usr/local/Cellar/neovim/0.3.4/share/nvim/runtime/syntax/syntax.vim
360.035  000.020  000.020: sourcing /usr/local/Cellar/neovim/0.3.4/share/nvim/runtime/filetype.vim
360.275  000.019  000.019: sourcing /usr/local/Cellar/neovim/0.3.4/share/nvim/runtime/ftplugin.vim
360.501  000.017  000.017: sourcing /usr/local/Cellar/neovim/0.3.4/share/nvim/runtime/indent.vim
379.857  000.191  000.191: sourcing /usr/local/Cellar/neovim/0.3.4/share/nvim/runtime/syntax/syncolor.vim
380.561  000.316  000.316: sourcing /usr/local/Cellar/neovim/0.3.4/share/nvim/runtime/syntax/nosyntax.vim
381.071  000.167  000.167: sourcing /usr/local/Cellar/neovim/0.3.4/share/nvim/runtime/syntax/syncolor.vim
381.204  000.475  000.308: sourcing /usr/local/Cellar/neovim/0.3.4/share/nvim/runtime/syntax/synload.vim
381.236  001.079  000.288: sourcing /usr/local/Cellar/neovim/0.3.4/share/nvim/runtime/syntax/syntax.vim
382.077  000.224  000.224: sourcing /usr/local/Cellar/neovim/0.3.4/share/nvim/runtime/syntax/syncolor.vim
382.666  000.171  000.171: sourcing /usr/local/Cellar/neovim/0.3.4/share/nvim/runtime/syntax/syncolor.vim
388.859  007.473  007.077: sourcing /Users/meadm1/.config/nvim/plugged/gruvbox/colors/gruvbox.vim
388.916  386.045  366.303: sourcing /Users/meadm1/.config/nvim/init.vim
388.924  000.466: sourcing vimrc file(s)
390.197  000.112  000.112: sourcing /Users/meadm1/.config/nvim/plugged/ale/autoload/ale/events.vim
390.534  001.001  000.889: sourcing /Users/meadm1/.config/nvim/plugged/ale/plugin/ale.vim
390.922  000.018  000.018: sourcing /usr/local/Cellar/neovim/0.3.4/share/nvim/runtime/filetype.vim
391.143  000.016  000.016: sourcing /usr/local/Cellar/neovim/0.3.4/share/nvim/runtime/ftplugin.vim
391.288  000.582  000.548: sourcing /Users/meadm1/.config/nvim/plugged/jedi-vim/plugin/jedi.vim
392.133  000.514  000.514: sourcing /Users/meadm1/.config/nvim/plugged/vim-go/autoload/go/config.vim
392.933  000.369  000.369: sourcing /Users/meadm1/.config/nvim/plugged/vim-go/autoload/go/util.vim
392.963  001.509  000.626: sourcing /Users/meadm1/.config/nvim/plugged/vim-go/plugin/go.vim
393.372  000.237  000.237: sourcing /Users/meadm1/.config/nvim/plugged/vim-tmux-focus-events/plugin/tmux_focus_events.vim
394.359  000.664  000.664: sourcing /Users/meadm1/.config/nvim/plugged/csapprox/plugin/CSApprox.vim
394.969  000.425  000.425: sourcing /Users/meadm1/.config/nvim/plugged/xterm-color-table.vim/plugin/xterm-color-table.vim
395.703  000.183  000.183: sourcing /Users/meadm1/.config/nvim/plugged/vim-gitgutter/autoload/gitgutter/utility.vim
396.243  000.122  000.122: sourcing /Users/meadm1/.config/nvim/plugged/vim-gitgutter/autoload/gitgutter/highlight.vim
397.153  002.001  001.696: sourcing /Users/meadm1/.config/nvim/plugged/vim-gitgutter/plugin/gitgutter.vim
397.661  000.107  000.107: sourcing /Users/meadm1/.config/nvim/plugged/vim-mundo/autoload/mundo/util.vim
397.904  000.566  000.459: sourcing /Users/meadm1/.config/nvim/plugged/vim-mundo/plugin/mundo.vim
398.683  000.617  000.617: sourcing /Users/meadm1/.fzf/plugin/fzf.vim
399.731  000.828  000.828: sourcing /Users/meadm1/.config/nvim/plugged/fzf.vim/plugin/fzf.vim
400.647  000.098  000.098: sourcing /usr/local/Cellar/neovim/0.3.4/share/nvim/runtime/autoload/provider/pythonx.vim
856.837  456.475  456.377: sourcing /usr/local/Cellar/neovim/0.3.4/share/nvim/runtime/autoload/provider/python.vim
977.185  000.272  000.272: sourcing /usr/local/Cellar/neovim/0.3.4/share/nvim/runtime/autoload/remote/host.vim
977.303  120.189  119.917: sourcing /usr/local/Cellar/neovim/0.3.4/share/nvim/runtime/autoload/provider/python3.vim
977.719  000.040  000.040: sourcing /usr/local/Cellar/neovim/0.3.4/share/nvim/runtime/autoload/provider.vim
1182.458  782.428  205.724: sourcing /Users/meadm1/.config/nvim/plugged/vim-autotag/plugin/autotag.vim
1183.305  000.131  000.131: sourcing /Users/meadm1/.config/nvim/plugged/vim-airline/autoload/airline/init.vim
1184.033  000.110  000.110: sourcing /Users/meadm1/.config/nvim/plugged/vim-airline/autoload/airline/parts.vim
1185.329  000.140  000.140: sourcing /Users/meadm1/.config/nvim/plugged/vim-airline/autoload/airline/util.vim
1185.394  002.705  002.325: sourcing /Users/meadm1/.config/nvim/plugged/vim-airline/plugin/airline.vim
1185.621  000.032  000.032: sourcing /Users/meadm1/.config/nvim/plugged/vim-airline-themes/plugin/airline-themes.vim
1185.971  000.163  000.163: sourcing /Users/meadm1/.config/nvim/plugged/vim-ripgrep/plugin/vim-ripgrep.vim
1187.307  000.214  000.214: sourcing /Users/meadm1/.config/nvim/plugged/vim-airline/autoload/airline.vim
1188.571  002.406  002.192: sourcing /Users/meadm1/.config/nvim/plugged/vim-devicons/plugin/webdevicons.vim
1189.360  000.212  000.212: sourcing /usr/local/Cellar/neovim/0.3.4/share/nvim/runtime/plugin/gzip.vim
1189.452  000.021  000.021: sourcing /usr/local/Cellar/neovim/0.3.4/share/nvim/runtime/plugin/health.vim
1189.596  000.080  000.080: sourcing /usr/local/Cellar/neovim/0.3.4/share/nvim/runtime/plugin/man.vim
1190.212  000.548  000.548: sourcing /usr/local/Cellar/neovim/0.3.4/share/nvim/runtime/plugin/matchit.vim
1190.467  000.184  000.184: sourcing /usr/local/Cellar/neovim/0.3.4/share/nvim/runtime/plugin/matchparen.vim
1190.997  000.460  000.460: sourcing /usr/local/Cellar/neovim/0.3.4/share/nvim/runtime/plugin/netrwPlugin.vim
1191.783  000.199  000.199: sourcing /usr/local/Cellar/neovim/0.3.4/share/nvim/runtime/autoload/remote/define.vim
1191.868  000.573  000.374: sourcing /Users/meadm1/.local/share/nvim/rplugin.vim
1191.877  000.795  000.222: sourcing /usr/local/Cellar/neovim/0.3.4/share/nvim/runtime/plugin/rplugin.vim
1192.070  000.116  000.116: sourcing /usr/local/Cellar/neovim/0.3.4/share/nvim/runtime/plugin/shada.vim
1192.176  000.030  000.030: sourcing /usr/local/Cellar/neovim/0.3.4/share/nvim/runtime/plugin/spellfile.vim
1192.505  000.171  000.171: sourcing /usr/local/Cellar/neovim/0.3.4/share/nvim/runtime/plugin/tarPlugin.vim
1192.690  000.105  000.105: sourcing /usr/local/Cellar/neovim/0.3.4/share/nvim/runtime/plugin/tohtml.vim
1192.790  000.026  000.026: sourcing /usr/local/Cellar/neovim/0.3.4/share/nvim/runtime/plugin/tutor.vim
1193.033  000.173  000.173: sourcing /usr/local/Cellar/neovim/0.3.4/share/nvim/runtime/plugin/zipPlugin.vim
1193.253  000.027  000.027: sourcing /usr/local/opt/fzf/plugin/fzf.vim
1193.265  005.228: loading plugins
1193.740  000.194  000.194: sourcing /Users/meadm1/.config/nvim/pack/tpope/start/sleuth/plugin/sleuth.vim
1193.940  000.480: loading packages
1209.846  000.039  000.039: sourcing /usr/local/Cellar/neovim/0.3.4/share/nvim/runtime/syntax/syncolor.vim
1210.523  016.350  016.312: sourcing /Users/meadm1/.config/nvim/plugged/csapprox/after/plugin/CSApprox.vim
1210.559  000.269: loading after plugins
1210.568  000.009: inits 3
1214.332  003.764: reading ShaDa
1216.782  002.450: clearing screen
1218.773  000.276  000.276: sourcing /Users/meadm1/.config/nvim/plugged/ale/autoload/ale.vim
1219.498  000.355  000.355: sourcing /Users/meadm1/.config/nvim/plugged/vim-airline/autoload/airline/extensions.vim
1219.795  000.064  000.064: sourcing /Users/meadm1/.config/nvim/plugged/vim-airline/autoload/airline/extensions/quickfix.vim
1220.126  000.045  000.045: sourcing /Users/meadm1/.config/nvim/plugged/vim-airline/autoload/airline/extensions/netrw.vim
1220.374  000.047  000.047: sourcing /Users/meadm1/.config/nvim/plugged/vim-airline/autoload/airline/extensions/term.vim
1220.698  000.087  000.087: sourcing /Users/meadm1/.config/nvim/plugged/vim-airline/autoload/airline/extensions/hunks.vim
1221.093  000.097  000.097: sourcing /Users/meadm1/.config/nvim/plugged/vim-airline/autoload/airline/extensions/ale.vim
1221.685  000.136  000.136: sourcing /Users/meadm1/.config/nvim/plugged/vim-airline/autoload/airline/extensions/whitespace.vim
1222.195  000.070  000.070: sourcing /Users/meadm1/.config/nvim/plugged/vim-airline/autoload/airline/extensions/po.vim
1222.513  000.103  000.103: sourcing /Users/meadm1/.config/nvim/plugged/vim-airline/autoload/airline/extensions/wordcount.vim
1222.837  000.043  000.043: sourcing /Users/meadm1/.config/nvim/plugged/vim-airline/autoload/airline/extensions/keymap.vim
1224.457  000.045  000.045: sourcing /Users/meadm1/.config/nvim/plugged/vim-mundo/autoload/airline/extensions/mundo.vim
1226.549  000.081  000.081: sourcing /Users/meadm1/.config/nvim/plugged/vim-airline/autoload/airline/section.vim
1227.044  000.233  000.233: sourcing /Users/meadm1/.config/nvim/plugged/vim-airline/autoload/airline/highlighter.vim
1230.075  000.173  000.173: sourcing /Users/meadm1/.config/nvim/plugged/vim-airline/autoload/airline/themes.vim
1230.261  000.604  000.431: sourcing /Users/meadm1/.config/nvim/plugged/vim-airline-themes/autoload/airline/themes/distinguished.vim
1232.857  000.238  000.238: sourcing /Users/meadm1/.config/nvim/plugged/vim-airline-themes/autoload/airline/themes/distinguished.vim
1247.999  000.375  000.375: sourcing /Users/meadm1/.config/nvim/plugged/vim-airline/autoload/airline/builder.vim
1249.106  000.246  000.246: sourcing /Users/meadm1/.config/nvim/plugged/vim-airline/autoload/airline/extensions/default.vim
1271.300  051.373: opening buffers
1271.897  000.300  000.300: sourcing /Users/meadm1/.config/nvim/plugged/vim-gitgutter/autoload/gitgutter.vim
1272.172  000.572: BufEnter autocommands
1272.182  000.010: editing files in windows
1388.717  106.885  106.885: sourcing /usr/local/Cellar/neovim/0.3.4/share/nvim/runtime/autoload/provider/ruby.vim
1481.375  031.456  031.456: sourcing /usr/local/Cellar/neovim/0.3.4/share/nvim/runtime/autoload/provider/clipboard.vim
1866.902  000.850  000.850: sourcing /usr/local/Cellar/neovim/0.3.4/share/nvim/runtime/ftoff.vim
1876.051  000.328  000.328: sourcing /Users/meadm1/.config/nvim/plugged/vim-go/ftdetect/gofiletype.vim
1876.296  007.242  006.915: sourcing /usr/local/Cellar/neovim/0.3.4/share/nvim/runtime/filetype.vim
1876.539  000.022  000.022: sourcing /usr/local/Cellar/neovim/0.3.4/share/nvim/runtime/ftplugin.vim
1876.755  000.018  000.018: sourcing /usr/local/Cellar/neovim/0.3.4/share/nvim/runtime/indent.vim
1877.190  000.023  000.023: sourcing /Users/meadm1/.config/nvim/plugged/ale/plugin/ale.vim
1877.730  000.021  000.021: sourcing /usr/local/Cellar/neovim/0.3.4/share/nvim/runtime/filetype.vim
1877.947  000.018  000.018: sourcing /usr/local/Cellar/neovim/0.3.4/share/nvim/runtime/ftplugin.vim
1878.099  000.589  000.550: sourcing /Users/meadm1/.config/nvim/plugged/jedi-vim/plugin/jedi.vim
1878.421  000.018  000.018: sourcing /Users/meadm1/.config/nvim/plugged/vim-go/plugin/go.vim
1878.740  000.023  000.023: sourcing /Users/meadm1/.config/nvim/plugged/vim-tmux-focus-events/plugin/tmux_focus_events.vim
1879.157  000.037  000.037: sourcing /Users/meadm1/.config/nvim/plugged/csapprox/plugin/CSApprox.vim
1904.333  000.040  000.040: sourcing /usr/local/Cellar/neovim/0.3.4/share/nvim/runtime/syntax/syncolor.vim
1905.104  025.733  025.692: sourcing /Users/meadm1/.config/nvim/plugged/csapprox/after/plugin/CSApprox.vim
1906.139  000.744  000.744: sourcing /Users/meadm1/.config/nvim/plugged/xterm-color-table.vim/plugin/xterm-color-table.vim
1906.492  000.021  000.021: sourcing /Users/meadm1/.config/nvim/plugged/vim-gitgutter/plugin/gitgutter.vim
1906.839  000.024  000.024: sourcing /Users/meadm1/.config/nvim/plugged/vim-mundo/plugin/mundo.vim
1907.132  000.025  000.025: sourcing /Users/meadm1/.fzf/plugin/fzf.vim
1908.213  000.806  000.806: sourcing /Users/meadm1/.config/nvim/plugged/fzf.vim/plugin/fzf.vim
1908.671  000.023  000.023: sourcing /Users/meadm1/.config/nvim/plugged/vim-autotag/plugin/autotag.vim
1908.978  000.024  000.024: sourcing /Users/meadm1/.config/nvim/plugged/vim-airline/plugin/airline.vim
1909.283  000.017  000.017: sourcing /Users/meadm1/.config/nvim/plugged/vim-airline-themes/plugin/airline-themes.vim
1909.576  000.015  000.015: sourcing /Users/meadm1/.config/nvim/plugged/vim-ripgrep/plugin/vim-ripgrep.vim
1909.898  000.043  000.043: sourcing /Users/meadm1/.config/nvim/plugged/vim-devicons/plugin/webdevicons.vim
2335.109  001.465  001.465: sourcing /usr/local/Cellar/neovim/0.3.4/share/nvim/runtime/ftoff.vim
2345.135  000.502  000.502: sourcing /Users/meadm1/.config/nvim/plugged/vim-go/ftdetect/gofiletype.vim
2345.417  009.026  008.524: sourcing /usr/local/Cellar/neovim/0.3.4/share/nvim/runtime/filetype.vim
2345.683  000.025  000.025: sourcing /usr/local/Cellar/neovim/0.3.4/share/nvim/runtime/ftplugin.vim
2345.912  000.018  000.018: sourcing /usr/local/Cellar/neovim/0.3.4/share/nvim/runtime/indent.vim
2346.321  000.021  000.021: sourcing /Users/meadm1/.config/nvim/plugged/ale/plugin/ale.vim
2346.855  000.021  000.021: sourcing /usr/local/Cellar/neovim/0.3.4/share/nvim/runtime/filetype.vim
2347.093  000.020  000.020: sourcing /usr/local/Cellar/neovim/0.3.4/share/nvim/runtime/ftplugin.vim
2347.248  000.626  000.585: sourcing /Users/meadm1/.config/nvim/plugged/jedi-vim/plugin/jedi.vim
2347.596  000.019  000.019: sourcing /Users/meadm1/.config/nvim/plugged/vim-go/plugin/go.vim
2347.935  000.025  000.025: sourcing /Users/meadm1/.config/nvim/plugged/vim-tmux-focus-events/plugin/tmux_focus_events.vim
2348.396  000.038  000.038: sourcing /Users/meadm1/.config/nvim/plugged/csapprox/plugin/CSApprox.vim
2372.794  000.041  000.041: sourcing /usr/local/Cellar/neovim/0.3.4/share/nvim/runtime/syntax/syncolor.vim
2373.570  024.944  024.903: sourcing /Users/meadm1/.config/nvim/plugged/csapprox/after/plugin/CSApprox.vim
2374.785  000.910  000.910: sourcing /Users/meadm1/.config/nvim/plugged/xterm-color-table.vim/plugin/xterm-color-table.vim
2375.127  000.022  000.022: sourcing /Users/meadm1/.config/nvim/plugged/vim-gitgutter/plugin/gitgutter.vim
2375.441  000.024  000.024: sourcing /Users/meadm1/.config/nvim/plugged/vim-mundo/plugin/mundo.vim
2375.739  000.025  000.025: sourcing /Users/meadm1/.fzf/plugin/fzf.vim
2377.089  001.022  001.022: sourcing /Users/meadm1/.config/nvim/plugged/fzf.vim/plugin/fzf.vim
2377.558  000.025  000.025: sourcing /Users/meadm1/.config/nvim/plugged/vim-autotag/plugin/autotag.vim
2377.929  000.029  000.029: sourcing /Users/meadm1/.config/nvim/plugged/vim-airline/plugin/airline.vim
2378.268  000.018  000.018: sourcing /Users/meadm1/.config/nvim/plugged/vim-airline-themes/plugin/airline-themes.vim
2378.566  000.015  000.015: sourcing /Users/meadm1/.config/nvim/plugged/vim-ripgrep/plugin/vim-ripgrep.vim
2378.966  000.059  000.059: sourcing /Users/meadm1/.config/nvim/plugged/vim-devicons/plugin/webdevicons.vim
2379.712  000.026  000.026: sourcing /usr/local/Cellar/neovim/0.3.4/share/nvim/runtime/filetype.vim
2379.952  000.019  000.019: sourcing /usr/local/Cellar/neovim/0.3.4/share/nvim/runtime/ftplugin.vim
2380.194  000.019  000.019: sourcing /usr/local/Cellar/neovim/0.3.4/share/nvim/runtime/indent.vim
2398.901  000.301  000.301: sourcing /usr/local/Cellar/neovim/0.3.4/share/nvim/runtime/syntax/syncolor.vim
2400.210  000.315  000.315: sourcing /usr/local/Cellar/neovim/0.3.4/share/nvim/runtime/syntax/syncolor.vim
2406.661  008.747  008.131: sourcing /Users/meadm1/.config/nvim/plugged/gruvbox/colors/gruvbox.vim
2407.665  000.802  000.802: sourcing /usr/local/Cellar/neovim/0.3.4/share/nvim/runtime/syntax/nosyntax.vim
2408.895  000.295  000.295: sourcing /usr/local/Cellar/neovim/0.3.4/share/nvim/runtime/syntax/syncolor.vim
2410.207  000.294  000.294: sourcing /usr/local/Cellar/neovim/0.3.4/share/nvim/runtime/syntax/syncolor.vim
2416.652  008.677  008.087: sourcing /Users/meadm1/.config/nvim/plugged/gruvbox/colors/gruvbox.vim
2416.754  008.899  000.223: sourcing /usr/local/Cellar/neovim/0.3.4/share/nvim/runtime/syntax/synload.vim
2417.260  010.492  000.791: sourcing /usr/local/Cellar/neovim/0.3.4/share/nvim/runtime/syntax/syntax.vim
2418.349  000.299  000.299: sourcing /usr/local/Cellar/neovim/0.3.4/share/nvim/runtime/syntax/syncolor.vim
2419.646  000.295  000.295: sourcing /usr/local/Cellar/neovim/0.3.4/share/nvim/runtime/syntax/syncolor.vim
2425.771  008.358  007.764: sourcing /Users/meadm1/.config/nvim/plugged/gruvbox/colors/gruvbox.vim
2425.828  407.380  341.361: sourcing /Users/meadm1/.config/nvim/init.vim
2429.358  575.159: VimEnter autocommands
2429.363  000.005: before starting main loop
2430.412  000.738  000.738: sourcing /Users/meadm1/.config/nvim/plugged/ale/autoload/ale/util.vim
2445.235  015.134: first screen update
2445.257  000.022: --- NVIM STARTED ---


times in msec
 clock   self+sourced   self:  sourced script
 clock   elapsed:              other lines

000.013  000.013: --- NVIM STARTING ---
000.829  000.816: locale set
001.415  000.586: inits 1
001.436  000.021: window checked
001.669  000.233: parsing arguments
001.942  000.273: expanding arguments
002.035  000.093: inits 2
002.534  000.500: init highlight
266.824  001.771  001.771: sourcing /Users/meadm1/.config/nvim/autoload/plug.vim
276.420  000.263  000.263: sourcing /Users/meadm1/.config/nvim/plugged/vim-go/ftdetect/gofiletype.vim
276.638  006.970  006.707: sourcing /usr/local/Cellar/neovim/0.3.4/share/nvim/runtime/filetype.vim
276.878  000.049  000.049: sourcing /usr/local/Cellar/neovim/0.3.4/share/nvim/runtime/ftplugin.vim
277.109  000.043  000.043: sourcing /usr/local/Cellar/neovim/0.3.4/share/nvim/runtime/indent.vim
277.841  000.242  000.242: sourcing /usr/local/Cellar/neovim/0.3.4/share/nvim/runtime/syntax/syncolor.vim
277.965  000.542  000.300: sourcing /usr/local/Cellar/neovim/0.3.4/share/nvim/runtime/syntax/synload.vim
277.998  000.754  000.212: sourcing /usr/local/Cellar/neovim/0.3.4/share/nvim/runtime/syntax/syntax.vim
278.454  000.019  000.019: sourcing /usr/local/Cellar/neovim/0.3.4/share/nvim/runtime/filetype.vim
278.675  000.018  000.018: sourcing /usr/local/Cellar/neovim/0.3.4/share/nvim/runtime/ftplugin.vim
278.872  000.015  000.015: sourcing /usr/local/Cellar/neovim/0.3.4/share/nvim/runtime/indent.vim
297.783  000.178  000.178: sourcing /usr/local/Cellar/neovim/0.3.4/share/nvim/runtime/syntax/syncolor.vim
298.508  000.358  000.358: sourcing /usr/local/Cellar/neovim/0.3.4/share/nvim/runtime/syntax/nosyntax.vim
299.023  000.165  000.165: sourcing /usr/local/Cellar/neovim/0.3.4/share/nvim/runtime/syntax/syncolor.vim
299.151  000.475  000.310: sourcing /usr/local/Cellar/neovim/0.3.4/share/nvim/runtime/syntax/synload.vim
299.183  001.121  000.288: sourcing /usr/local/Cellar/neovim/0.3.4/share/nvim/runtime/syntax/syntax.vim
299.986  000.172  000.172: sourcing /usr/local/Cellar/neovim/0.3.4/share/nvim/runtime/syntax/syncolor.vim
300.560  000.166  000.166: sourcing /usr/local/Cellar/neovim/0.3.4/share/nvim/runtime/syntax/syncolor.vim
306.538  007.241  006.903: sourcing /Users/meadm1/.config/nvim/plugged/gruvbox/colors/gruvbox.vim
306.604  303.565  285.386: sourcing /Users/meadm1/.config/nvim/init.vim
306.614  000.515: sourcing vimrc file(s)
307.839  000.115  000.115: sourcing /Users/meadm1/.config/nvim/plugged/ale/autoload/ale/events.vim
308.164  000.965  000.850: sourcing /Users/meadm1/.config/nvim/plugged/ale/plugin/ale.vim
308.553  000.022  000.022: sourcing /usr/local/Cellar/neovim/0.3.4/share/nvim/runtime/filetype.vim
308.776  000.015  000.015: sourcing /usr/local/Cellar/neovim/0.3.4/share/nvim/runtime/ftplugin.vim
308.951  000.622  000.585: sourcing /Users/meadm1/.config/nvim/plugged/jedi-vim/plugin/jedi.vim
310.221  000.785  000.785: sourcing /Users/meadm1/.config/nvim/plugged/vim-go/autoload/go/config.vim
311.215  000.393  000.393: sourcing /Users/meadm1/.config/nvim/plugged/vim-go/autoload/go/util.vim
311.252  002.075  000.897: sourcing /Users/meadm1/.config/nvim/plugged/vim-go/plugin/go.vim
311.752  000.257  000.257: sourcing /Users/meadm1/.config/nvim/plugged/vim-tmux-focus-events/plugin/tmux_focus_events.vim
312.587  000.622  000.622: sourcing /Users/meadm1/.config/nvim/plugged/csapprox/plugin/CSApprox.vim
313.203  000.452  000.452: sourcing /Users/meadm1/.config/nvim/plugged/xterm-color-table.vim/plugin/xterm-color-table.vim
313.848  000.168  000.168: sourcing /Users/meadm1/.config/nvim/plugged/vim-gitgutter/autoload/gitgutter/utility.vim
314.384  000.123  000.123: sourcing /Users/meadm1/.config/nvim/plugged/vim-gitgutter/autoload/gitgutter/highlight.vim
315.391  002.006  001.715: sourcing /Users/meadm1/.config/nvim/plugged/vim-gitgutter/plugin/gitgutter.vim
315.813  000.101  000.101: sourcing /Users/meadm1/.config/nvim/plugged/vim-mundo/autoload/mundo/util.vim
316.053  000.484  000.383: sourcing /Users/meadm1/.config/nvim/plugged/vim-mundo/plugin/mundo.vim
316.854  000.640  000.640: sourcing /Users/meadm1/.fzf/plugin/fzf.vim
317.861  000.808  000.808: sourcing /Users/meadm1/.config/nvim/plugged/fzf.vim/plugin/fzf.vim
318.633  000.095  000.095: sourcing /usr/local/Cellar/neovim/0.3.4/share/nvim/runtime/autoload/provider/pythonx.vim
755.959  437.600  437.505: sourcing /usr/local/Cellar/neovim/0.3.4/share/nvim/runtime/autoload/provider/python.vim
876.042  000.257  000.257: sourcing /usr/local/Cellar/neovim/0.3.4/share/nvim/runtime/autoload/remote/host.vim
876.159  119.933  119.676: sourcing /usr/local/Cellar/neovim/0.3.4/share/nvim/runtime/autoload/provider/python3.vim
876.482  000.038  000.038: sourcing /usr/local/Cellar/neovim/0.3.4/share/nvim/runtime/autoload/provider.vim
1065.507  747.352  189.781: sourcing /Users/meadm1/.config/nvim/plugged/vim-autotag/plugin/autotag.vim
1066.264  000.135  000.135: sourcing /Users/meadm1/.config/nvim/plugged/vim-airline/autoload/airline/init.vim
1066.838  000.105  000.105: sourcing /Users/meadm1/.config/nvim/plugged/vim-airline/autoload/airline/parts.vim
1068.006  000.130  000.130: sourcing /Users/meadm1/.config/nvim/plugged/vim-airline/autoload/airline/util.vim
1068.066  002.332  001.961: sourcing /Users/meadm1/.config/nvim/plugged/vim-airline/plugin/airline.vim
1068.283  000.032  000.032: sourcing /Users/meadm1/.config/nvim/plugged/vim-airline-themes/plugin/airline-themes.vim
1068.622  000.168  000.168: sourcing /Users/meadm1/.config/nvim/plugged/vim-ripgrep/plugin/vim-ripgrep.vim
1069.800  000.196  000.196: sourcing /Users/meadm1/.config/nvim/plugged/vim-airline/autoload/airline.vim
1070.974  002.186  001.990: sourcing /Users/meadm1/.config/nvim/plugged/vim-devicons/plugin/webdevicons.vim
1071.737  000.213  000.213: sourcing /usr/local/Cellar/neovim/0.3.4/share/nvim/runtime/plugin/gzip.vim
1071.822  000.018  000.018: sourcing /usr/local/Cellar/neovim/0.3.4/share/nvim/runtime/plugin/health.vim
1071.969  000.084  000.084: sourcing /usr/local/Cellar/neovim/0.3.4/share/nvim/runtime/plugin/man.vim
1072.563  000.529  000.529: sourcing /usr/local/Cellar/neovim/0.3.4/share/nvim/runtime/plugin/matchit.vim
1072.820  000.182  000.182: sourcing /usr/local/Cellar/neovim/0.3.4/share/nvim/runtime/plugin/matchparen.vim
1073.369  000.477  000.477: sourcing /usr/local/Cellar/neovim/0.3.4/share/nvim/runtime/plugin/netrwPlugin.vim
1074.170  000.204  000.204: sourcing /usr/local/Cellar/neovim/0.3.4/share/nvim/runtime/autoload/remote/define.vim
1074.257  000.577  000.373: sourcing /Users/meadm1/.local/share/nvim/rplugin.vim
1074.266  000.803  000.226: sourcing /usr/local/Cellar/neovim/0.3.4/share/nvim/runtime/plugin/rplugin.vim
1074.472  000.126  000.126: sourcing /usr/local/Cellar/neovim/0.3.4/share/nvim/runtime/plugin/shada.vim
1074.585  000.031  000.031: sourcing /usr/local/Cellar/neovim/0.3.4/share/nvim/runtime/plugin/spellfile.vim
1074.822  000.165  000.165: sourcing /usr/local/Cellar/neovim/0.3.4/share/nvim/runtime/plugin/tarPlugin.vim
1074.997  000.102  000.102: sourcing /usr/local/Cellar/neovim/0.3.4/share/nvim/runtime/plugin/tohtml.vim
1075.095  000.026  000.026: sourcing /usr/local/Cellar/neovim/0.3.4/share/nvim/runtime/plugin/tutor.vim
1075.361  000.196  000.196: sourcing /usr/local/Cellar/neovim/0.3.4/share/nvim/runtime/plugin/zipPlugin.vim
1075.580  000.026  000.026: sourcing /usr/local/opt/fzf/plugin/fzf.vim
1075.587  004.995: loading plugins
1076.096  000.221  000.221: sourcing /Users/meadm1/.config/nvim/pack/tpope/start/sleuth/plugin/sleuth.vim
1076.293  000.485: loading packages
1091.957  000.039  000.039: sourcing /usr/local/Cellar/neovim/0.3.4/share/nvim/runtime/syntax/syncolor.vim
1092.612  016.090  016.051: sourcing /Users/meadm1/.config/nvim/plugged/csapprox/after/plugin/CSApprox.vim
1092.637  000.254: loading after plugins
1092.674  000.037: inits 3
1097.568  004.894: reading ShaDa
1100.073  002.506: clearing screen
1102.247  000.205  000.205: sourcing /Users/meadm1/.config/nvim/plugged/ale/autoload/ale.vim
1103.234  000.466  000.466: sourcing /Users/meadm1/.config/nvim/plugged/vim-airline/autoload/airline/extensions.vim
1103.505  000.064  000.064: sourcing /Users/meadm1/.config/nvim/plugged/vim-airline/autoload/airline/extensions/quickfix.vim
1103.813  000.042  000.042: sourcing /Users/meadm1/.config/nvim/plugged/vim-airline/autoload/airline/extensions/netrw.vim
1104.046  000.048  000.048: sourcing /Users/meadm1/.config/nvim/plugged/vim-airline/autoload/airline/extensions/term.vim
1104.391  000.090  000.090: sourcing /Users/meadm1/.config/nvim/plugged/vim-airline/autoload/airline/extensions/hunks.vim
1105.007  000.136  000.136: sourcing /Users/meadm1/.config/nvim/plugged/vim-airline/autoload/airline/extensions/ale.vim
1105.626  000.165  000.165: sourcing /Users/meadm1/.config/nvim/plugged/vim-airline/autoload/airline/extensions/whitespace.vim
1106.030  000.066  000.066: sourcing /Users/meadm1/.config/nvim/plugged/vim-airline/autoload/airline/extensions/po.vim
1106.313  000.102  000.102: sourcing /Users/meadm1/.config/nvim/plugged/vim-airline/autoload/airline/extensions/wordcount.vim
1106.594  000.035  000.035: sourcing /Users/meadm1/.config/nvim/plugged/vim-airline/autoload/airline/extensions/keymap.vim
1108.003  000.043  000.043: sourcing /Users/meadm1/.config/nvim/plugged/vim-mundo/autoload/airline/extensions/mundo.vim
1109.962  000.077  000.077: sourcing /Users/meadm1/.config/nvim/plugged/vim-airline/autoload/airline/section.vim
1110.437  000.230  000.230: sourcing /Users/meadm1/.config/nvim/plugged/vim-airline/autoload/airline/highlighter.vim
1113.522  000.176  000.176: sourcing /Users/meadm1/.config/nvim/plugged/vim-airline/autoload/airline/themes.vim
1113.701  000.601  000.425: sourcing /Users/meadm1/.config/nvim/plugged/vim-airline-themes/autoload/airline/themes/distinguished.vim
1116.539  000.258  000.258: sourcing /Users/meadm1/.config/nvim/plugged/vim-airline-themes/autoload/airline/themes/distinguished.vim
1132.690  000.528  000.528: sourcing /Users/meadm1/.config/nvim/plugged/vim-airline/autoload/airline/builder.vim
1133.611  000.292  000.292: sourcing /Users/meadm1/.config/nvim/plugged/vim-airline/autoload/airline/extensions/default.vim
1154.917  051.397: opening buffers
1155.431  000.295  000.295: sourcing /Users/meadm1/.config/nvim/plugged/vim-gitgutter/autoload/gitgutter.vim
1155.639  000.427: BufEnter autocommands
1155.646  000.007: editing files in windows
1269.175  104.305  104.305: sourcing /usr/local/Cellar/neovim/0.3.4/share/nvim/runtime/autoload/provider/ruby.vim
1362.305  030.035  030.035: sourcing /usr/local/Cellar/neovim/0.3.4/share/nvim/runtime/autoload/provider/clipboard.vim
1757.724  000.842  000.842: sourcing /usr/local/Cellar/neovim/0.3.4/share/nvim/runtime/ftoff.vim
1766.715  000.365  000.365: sourcing /Users/meadm1/.config/nvim/plugged/vim-go/ftdetect/gofiletype.vim
1766.954  007.218  006.853: sourcing /usr/local/Cellar/neovim/0.3.4/share/nvim/runtime/filetype.vim
1767.199  000.020  000.020: sourcing /usr/local/Cellar/neovim/0.3.4/share/nvim/runtime/ftplugin.vim
1767.484  000.025  000.025: sourcing /usr/local/Cellar/neovim/0.3.4/share/nvim/runtime/indent.vim
1767.883  000.021  000.021: sourcing /Users/meadm1/.config/nvim/plugged/ale/plugin/ale.vim
1768.396  000.019  000.019: sourcing /usr/local/Cellar/neovim/0.3.4/share/nvim/runtime/filetype.vim
1768.639  000.020  000.020: sourcing /usr/local/Cellar/neovim/0.3.4/share/nvim/runtime/ftplugin.vim
1768.802  000.614  000.575: sourcing /Users/meadm1/.config/nvim/plugged/jedi-vim/plugin/jedi.vim
1769.173  000.042  000.042: sourcing /Users/meadm1/.config/nvim/plugged/vim-go/plugin/go.vim
1769.499  000.024  000.024: sourcing /Users/meadm1/.config/nvim/plugged/vim-tmux-focus-events/plugin/tmux_focus_events.vim
1769.917  000.038  000.038: sourcing /Users/meadm1/.config/nvim/plugged/csapprox/plugin/CSApprox.vim
1793.881  000.040  000.040: sourcing /usr/local/Cellar/neovim/0.3.4/share/nvim/runtime/syntax/syncolor.vim
1794.653  024.521  024.481: sourcing /Users/meadm1/.config/nvim/plugged/csapprox/after/plugin/CSApprox.vim
1795.711  000.757  000.757: sourcing /Users/meadm1/.config/nvim/plugged/xterm-color-table.vim/plugin/xterm-color-table.vim
1796.057  000.021  000.021: sourcing /Users/meadm1/.config/nvim/plugged/vim-gitgutter/plugin/gitgutter.vim
1796.411  000.025  000.025: sourcing /Users/meadm1/.config/nvim/plugged/vim-mundo/plugin/mundo.vim
1796.707  000.026  000.026: sourcing /Users/meadm1/.fzf/plugin/fzf.vim
1797.914  000.927  000.927: sourcing /Users/meadm1/.config/nvim/plugged/fzf.vim/plugin/fzf.vim
1798.403  000.025  000.025: sourcing /Users/meadm1/.config/nvim/plugged/vim-autotag/plugin/autotag.vim
1798.719  000.024  000.024: sourcing /Users/meadm1/.config/nvim/plugged/vim-airline/plugin/airline.vim
1799.066  000.019  000.019: sourcing /Users/meadm1/.config/nvim/plugged/vim-airline-themes/plugin/airline-themes.vim
1799.373  000.016  000.016: sourcing /Users/meadm1/.config/nvim/plugged/vim-ripgrep/plugin/vim-ripgrep.vim
1799.710  000.045  000.045: sourcing /Users/meadm1/.config/nvim/plugged/vim-devicons/plugin/webdevicons.vim
2122.711  001.408  001.408: sourcing /usr/local/Cellar/neovim/0.3.4/share/nvim/runtime/ftoff.vim
2131.781  000.424  000.424: sourcing /Users/meadm1/.config/nvim/plugged/vim-go/ftdetect/gofiletype.vim
2132.041  008.085  007.661: sourcing /usr/local/Cellar/neovim/0.3.4/share/nvim/runtime/filetype.vim
2132.291  000.023  000.023: sourcing /usr/local/Cellar/neovim/0.3.4/share/nvim/runtime/ftplugin.vim
2132.522  000.018  000.018: sourcing /usr/local/Cellar/neovim/0.3.4/share/nvim/runtime/indent.vim
2132.923  000.021  000.021: sourcing /Users/meadm1/.config/nvim/plugged/ale/plugin/ale.vim
2133.457  000.020  000.020: sourcing /usr/local/Cellar/neovim/0.3.4/share/nvim/runtime/filetype.vim
2133.689  000.019  000.019: sourcing /usr/local/Cellar/neovim/0.3.4/share/nvim/runtime/ftplugin.vim
2133.841  000.610  000.571: sourcing /Users/meadm1/.config/nvim/plugged/jedi-vim/plugin/jedi.vim
2134.174  000.018  000.018: sourcing /Users/meadm1/.config/nvim/plugged/vim-go/plugin/go.vim
2134.503  000.024  000.024: sourcing /Users/meadm1/.config/nvim/plugged/vim-tmux-focus-events/plugin/tmux_focus_events.vim
2134.932  000.038  000.038: sourcing /Users/meadm1/.config/nvim/plugged/csapprox/plugin/CSApprox.vim
2158.345  000.041  000.041: sourcing /usr/local/Cellar/neovim/0.3.4/share/nvim/runtime/syntax/syncolor.vim
2159.444  024.291  024.250: sourcing /Users/meadm1/.config/nvim/plugged/csapprox/after/plugin/CSApprox.vim
2161.084  001.311  001.311: sourcing /Users/meadm1/.config/nvim/plugged/xterm-color-table.vim/plugin/xterm-color-table.vim
2161.499  000.027  000.027: sourcing /Users/meadm1/.config/nvim/plugged/vim-gitgutter/plugin/gitgutter.vim
2161.852  000.026  000.026: sourcing /Users/meadm1/.config/nvim/plugged/vim-mundo/plugin/mundo.vim
2162.166  000.026  000.026: sourcing /Users/meadm1/.fzf/plugin/fzf.vim
2163.876  001.429  001.429: sourcing /Users/meadm1/.config/nvim/plugged/fzf.vim/plugin/fzf.vim
2164.374  000.025  000.025: sourcing /Users/meadm1/.config/nvim/plugged/vim-autotag/plugin/autotag.vim
2164.699  000.025  000.025: sourcing /Users/meadm1/.config/nvim/plugged/vim-airline/plugin/airline.vim
2165.035  000.018  000.018: sourcing /Users/meadm1/.config/nvim/plugged/vim-airline-themes/plugin/airline-themes.vim
2165.346  000.016  000.016: sourcing /Users/meadm1/.config/nvim/plugged/vim-ripgrep/plugin/vim-ripgrep.vim
2165.691  000.046  000.046: sourcing /Users/meadm1/.config/nvim/plugged/vim-devicons/plugin/webdevicons.vim
2166.446  000.029  000.029: sourcing /usr/local/Cellar/neovim/0.3.4/share/nvim/runtime/filetype.vim
2166.671  000.018  000.018: sourcing /usr/local/Cellar/neovim/0.3.4/share/nvim/runtime/ftplugin.vim
2166.886  000.017  000.017: sourcing /usr/local/Cellar/neovim/0.3.4/share/nvim/runtime/indent.vim
2186.166  000.308  000.308: sourcing /usr/local/Cellar/neovim/0.3.4/share/nvim/runtime/syntax/syncolor.vim
2187.466  000.299  000.299: sourcing /usr/local/Cellar/neovim/0.3.4/share/nvim/runtime/syntax/syncolor.vim
2194.039  008.909  008.301: sourcing /Users/meadm1/.config/nvim/plugged/gruvbox/colors/gruvbox.vim
2195.171  000.898  000.898: sourcing /usr/local/Cellar/neovim/0.3.4/share/nvim/runtime/syntax/nosyntax.vim
2196.491  000.310  000.310: sourcing /usr/local/Cellar/neovim/0.3.4/share/nvim/runtime/syntax/syncolor.vim
2197.880  000.310  000.310: sourcing /usr/local/Cellar/neovim/0.3.4/share/nvim/runtime/syntax/syncolor.vim
2204.834  009.325  008.705: sourcing /Users/meadm1/.config/nvim/plugged/gruvbox/colors/gruvbox.vim
2204.943  009.568  000.244: sourcing /usr/local/Cellar/neovim/0.3.4/share/nvim/runtime/syntax/synload.vim
2205.468  011.296  000.830: sourcing /usr/local/Cellar/neovim/0.3.4/share/nvim/runtime/syntax/syntax.vim
2206.590  000.306  000.306: sourcing /usr/local/Cellar/neovim/0.3.4/share/nvim/runtime/syntax/syncolor.vim
2207.876  000.297  000.297: sourcing /usr/local/Cellar/neovim/0.3.4/share/nvim/runtime/syntax/syncolor.vim
2214.424  008.788  008.185: sourcing /Users/meadm1/.config/nvim/plugged/gruvbox/colors/gruvbox.vim
2214.489  307.860  241.315: sourcing /Users/meadm1/.config/nvim/init.vim
2218.032  584.936: VimEnter autocommands
2218.039  000.007: before starting main loop
2219.174  000.782  000.782: sourcing /Users/meadm1/.config/nvim/plugged/ale/autoload/ale/util.vim
2234.336  015.516: first screen update
2234.340  000.003: --- NVIM STARTED ---
